CRITICAL - 2023-01-30 07:08:49 --> Undefined variable $location
in APPPATH\Views\sidemenu.php on line 108.
 1 APPPATH\Views\sidemenu.php(108): CodeIgniter\Debug\Exceptions->errorHandler(2, 'Undefined variable $location', 'APPPATH\\Views\\sidemenu.php', 108)
 2 SYSTEMPATH\View\View.php(213): include('APPPATH\\Views\\sidemenu.php')
 3 SYSTEMPATH\View\View.php(216): CodeIgniter\View\View->CodeIgniter\View\{closure}()
 4 SYSTEMPATH\View\View.php(431): CodeIgniter\View\View->render('sidemenu', null, true)
 5 APPPATH\Views\dashboard.php(6): CodeIgniter\View\View->include('sidemenu')
 6 SYSTEMPATH\View\View.php(213): include('APPPATH\\Views\\dashboard.php')
 7 SYSTEMPATH\View\View.php(216): CodeIgniter\View\View->CodeIgniter\View\{closure}()
 8 SYSTEMPATH\Common.php(1135): CodeIgniter\View\View->render('dashboard', [], true)
 9 APPPATH\Controllers\Dashboard.php(10): view('dashboard')
10 SYSTEMPATH\CodeIgniter.php(925): App\Controllers\Dashboard->index()
11 SYSTEMPATH\CodeIgniter.php(480): CodeIgniter\CodeIgniter->runController(Object(App\Controllers\Dashboard))
12 SYSTEMPATH\CodeIgniter.php(349): CodeIgniter\CodeIgniter->handleRequest(null, Object(Config\Cache), false)
13 FCPATH\index.php(67): CodeIgniter\CodeIgniter->run()
CRITICAL - 2023-01-30 20:39:28 --> Undefined variable $location
in APPPATH\Views\sidemenu.php on line 108.
 1 APPPATH\Views\sidemenu.php(108): CodeIgniter\Debug\Exceptions->errorHandler(2, 'Undefined variable $location', 'APPPATH\\Views\\sidemenu.php', 108)
 2 SYSTEMPATH\View\View.php(213): include('APPPATH\\Views\\sidemenu.php')
 3 SYSTEMPATH\View\View.php(216): CodeIgniter\View\View->CodeIgniter\View\{closure}()
 4 SYSTEMPATH\View\View.php(431): CodeIgniter\View\View->render('sidemenu', null, true)
 5 APPPATH\Views\dashboard.php(6): CodeIgniter\View\View->include('sidemenu')
 6 SYSTEMPATH\View\View.php(213): include('APPPATH\\Views\\dashboard.php')
 7 SYSTEMPATH\View\View.php(216): CodeIgniter\View\View->CodeIgniter\View\{closure}()
 8 SYSTEMPATH\Common.php(1135): CodeIgniter\View\View->render('dashboard', [], true)
 9 APPPATH\Controllers\Dashboard.php(10): view('dashboard')
10 SYSTEMPATH\CodeIgniter.php(925): App\Controllers\Dashboard->index()
11 SYSTEMPATH\CodeIgniter.php(480): CodeIgniter\CodeIgniter->runController(Object(App\Controllers\Dashboard))
12 SYSTEMPATH\CodeIgniter.php(349): CodeIgniter\CodeIgniter->handleRequest(null, Object(Config\Cache), false)
13 FCPATH\index.php(67): CodeIgniter\CodeIgniter->run()
CRITICAL - 2023-01-30 20:48:55 --> Undefined variable $location
in APPPATH\Views\sidemenu.php on line 108.
 1 APPPATH\Views\sidemenu.php(108): CodeIgniter\Debug\Exceptions->errorHandler(2, 'Undefined variable $location', 'APPPATH\\Views\\sidemenu.php', 108)
 2 SYSTEMPATH\View\View.php(213): include('APPPATH\\Views\\sidemenu.php')
 3 SYSTEMPATH\View\View.php(216): CodeIgniter\View\View->CodeIgniter\View\{closure}()
 4 SYSTEMPATH\View\View.php(431): CodeIgniter\View\View->render('sidemenu', null, true)
 5 APPPATH\Views\dashboard.php(6): CodeIgniter\View\View->include('sidemenu')
 6 SYSTEMPATH\View\View.php(213): include('APPPATH\\Views\\dashboard.php')
 7 SYSTEMPATH\View\View.php(216): CodeIgniter\View\View->CodeIgniter\View\{closure}()
 8 SYSTEMPATH\Common.php(1135): CodeIgniter\View\View->render('dashboard', [], true)
 9 APPPATH\Controllers\Dashboard.php(10): view('dashboard')
10 SYSTEMPATH\CodeIgniter.php(925): App\Controllers\Dashboard->index()
11 SYSTEMPATH\CodeIgniter.php(480): CodeIgniter\CodeIgniter->runController(Object(App\Controllers\Dashboard))
12 SYSTEMPATH\CodeIgniter.php(349): CodeIgniter\CodeIgniter->handleRequest(null, Object(Config\Cache), false)
13 FCPATH\index.php(67): CodeIgniter\CodeIgniter->run()
